<?xml version="1.0" encoding="UTF-8"?>
<!-- Generated by org.testng.reporters.JUnitXMLReporter -->
<testsuite ignored="0" hostname="DESKTOP-BO73O64" failures="1" tests="1" name="Test" time="22.121" errors="0" timestamp="2022-02-02T18:54:03 IST">
  <testcase classname="com.iNetBanking.testCases.TC_AddNewCustomer_002" name="ADDNewCust" time="0.008">
    <failure type="java.lang.NullPointerException" message="Cannot invoke &amp;quot;org.openqa.selenium.SearchContext.findElement(org.openqa.selenium.By)&amp;quot; because &amp;quot;this.searchContext&amp;quot; is null">
      <![CDATA[java.lang.NullPointerException: Cannot invoke "org.openqa.selenium.SearchContext.findElement(org.openqa.selenium.By)" because "this.searchContext" is null
at org.openqa.selenium.support.pagefactory.DefaultElementLocator.findElement(DefaultElementLocator.java:69)
at org.openqa.selenium.support.pagefactory.internal.LocatingElementHandler.invoke(LocatingElementHandler.java:38)
at jdk.proxy2/jdk.proxy2.$Proxy15.sendKeys(Unknown Source)
at com.iNetBanking.PageObjects.LoginPage.setUserName(LoginPage.java:43)
at com.iNetBanking.testCases.TC_AddNewCustomer_002.ADDNewCust(TC_AddNewCustomer_002.java:18)
at java.base/java.util.ArrayList.forEach(ArrayList.java:1511)
... Removed 27 stack frames]]>
    </failure>
  </testcase> <!-- ADDNewCust -->
</testsuite> <!-- Test -->
