<?xml version="1.0" encoding="UTF-8"?>
<!-- Generated by org.testng.reporters.JUnitXMLReporter -->
<testsuite ignored="0" hostname="DESKTOP-BO73O64" failures="2" tests="5" name="Test" time="192.153" errors="0" timestamp="2022-02-07T18:40:19 IST">
  <testcase classname="com.iNetBanking.testCases.TC_LoginTest_001" name="LoginTest" time="12.698"/>
  <testcase classname="com.iNetBanking.testCases.TC_LoginDDTest_001" name="loginDDTest" time="11.37"/>
  <testcase classname="com.iNetBanking.testCases.TC_LoginDDTest_001" name="loginDDTest" time="6.577">
    <failure type="java.lang.AssertionError" message="expected [true] but found [false]">
      <![CDATA[java.lang.AssertionError: expected [true] but found [false]
at com.iNetBanking.testCases.TC_LoginDDTest_001.loginDDTest(TC_LoginDDTest_001.java:23)
at java.base/java.util.ArrayList.forEach(ArrayList.java:1511)
... Removed 34 stack frames]]>
    </failure>
  </testcase> <!-- loginDDTest -->
  <testcase classname="com.iNetBanking.testCases.TC_LoginDDTest_001" name="loginDDTest" time="5.028">
    <failure type="java.lang.AssertionError" message="expected [true] but found [false]">
      <![CDATA[java.lang.AssertionError: expected [true] but found [false]
at com.iNetBanking.testCases.TC_LoginDDTest_001.loginDDTest(TC_LoginDDTest_001.java:23)
at java.base/java.util.ArrayList.forEach(ArrayList.java:1511)
... Removed 34 stack frames]]>
    </failure>
  </testcase> <!-- loginDDTest -->
  <testcase classname="com.iNetBanking.testCases.TC_LoginDDTest_001" name="loginDDTest" time="11.16"/>
</testsuite> <!-- Test -->
